[0m23:53:22.948862 [debug] [MainThread]: Sending event: {'category': 'dbt', 'action': 'invocation', 'label': 'start', 'context': [<snowplow_tracker.self_describing_json.SelfDescribingJson object at 0x000002CE8DE42DD0>, <snowplow_tracker.self_describing_json.SelfDescribingJson object at 0x000002CE90A203D0>, <snowplow_tracker.self_describing_json.SelfDescribingJson object at 0x000002CE90A205E0>]}


============================== 23:53:22.971664 | edab683c-aa73-4c76-b0d0-3141b02f44e7 ==============================
[0m23:53:22.971664 [info ] [MainThread]: Running with dbt=1.6.1
[0m23:53:22.977018 [debug] [MainThread]: running dbt with arguments {'printer_width': '80', 'indirect_selection': 'eager', 'log_cache_events': 'False', 'write_json': 'True', 'partial_parse': 'True', 'cache_selected_only': 'False', 'warn_error': 'None', 'version_check': 'True', 'debug': 'False', 'log_path': 'logs', 'fail_fast': 'False', 'profiles_dir': 'C:\\Users\\User\\.dbt', 'use_colors': 'True', 'use_experimental_parser': 'False', 'no_print': 'None', 'quiet': 'False', 'log_format': 'default', 'introspect': 'True', 'warn_error_options': 'WarnErrorOptions(include=[], exclude=[])', 'invocation_command': 'dbt init divvy', 'target_path': 'None', 'static_parser': 'True', 'send_anonymous_usage_stats': 'True'}
[0m23:53:22.979056 [warn ] [MainThread]: [ConfigFolderDirectory]: Unable to parse dict {'dir': WindowsPath('C:/Users/User/.dbt')}
[0m23:53:22.985086 [info ] [MainThread]: Creating dbt configuration folder at 
[0m23:53:22.993703 [debug] [MainThread]: Starter project path: C:\Users\User\Desktop\DE\.venv\lib\site-packages\dbt\include\starter_project
[0m23:53:23.177092 [info ] [MainThread]: 
Your new dbt project "divvy" was created!

For more information on how to configure the profiles.yml file,
please consult the dbt documentation here:

  https://docs.getdbt.com/docs/configure-your-profile

One more thing:

Need help? Don't hesitate to reach out to us via GitHub issues or on Slack:

  https://community.getdbt.com/

Happy modeling!

[0m23:53:23.183501 [info ] [MainThread]: Setting up your profile.
[0m23:53:44.959937 [info ] [MainThread]: Profile divvy written to C:\Users\User\.dbt\profiles.yml using target's sample configuration. Once updated, you'll be able to start developing with dbt.
[0m23:53:44.964730 [debug] [MainThread]: Command `dbt init` succeeded at 23:53:44.964730 after 22.14 seconds
[0m23:53:44.970241 [debug] [MainThread]: Sending event: {'category': 'dbt', 'action': 'invocation', 'label': 'end', 'context': [<snowplow_tracker.self_describing_json.SelfDescribingJson object at 0x000002CE8DE42DD0>, <snowplow_tracker.self_describing_json.SelfDescribingJson object at 0x000002CE8B47CC40>, <snowplow_tracker.self_describing_json.SelfDescribingJson object at 0x000002CE90A204C0>]}
[0m23:53:44.971295 [debug] [MainThread]: Flushing usage events
